2024-12-24 12:46:01,746 INFO o.a.j.u.JMeterUtils: Setting Locale to en_EN
2024-12-24 12:46:01,783 INFO o.a.j.JMeter: Loading user properties from: user.properties
2024-12-24 12:46:01,785 INFO o.a.j.JMeter: Loading system properties from: system.properties
2024-12-24 12:46:01,805 INFO o.a.j.JMeter: Copyright (c) 1998-2024 The Apache Software Foundation
2024-12-24 12:46:01,805 INFO o.a.j.JMeter: Version 5.6.3
2024-12-24 12:46:01,805 INFO o.a.j.JMeter: java.version=1.8.0_291
2024-12-24 12:46:01,805 INFO o.a.j.JMeter: java.vm.name=Java HotSpot(TM) 64-Bit Server VM
2024-12-24 12:46:01,805 INFO o.a.j.JMeter: os.name=Windows 10
2024-12-24 12:46:01,805 INFO o.a.j.JMeter: os.arch=amd64
2024-12-24 12:46:01,805 INFO o.a.j.JMeter: os.version=10.0
2024-12-24 12:46:01,806 INFO o.a.j.JMeter: file.encoding=Cp1252
2024-12-24 12:46:01,806 INFO o.a.j.JMeter: java.awt.headless=true
2024-12-24 12:46:01,806 INFO o.a.j.JMeter: Max memory     =1073741824
2024-12-24 12:46:01,806 INFO o.a.j.JMeter: Available Processors =8
2024-12-24 12:46:01,827 INFO o.a.j.JMeter: Default Locale=English (EN)
2024-12-24 12:46:01,828 INFO o.a.j.JMeter: JMeter  Locale=English (EN)
2024-12-24 12:46:01,828 INFO o.a.j.JMeter: JMeterHome=D:\Extracted files\apache-jmeter-5.6.3
2024-12-24 12:46:01,828 INFO o.a.j.JMeter: user.dir  =D:\Extracted files\apache-jmeter-5.6.3\bin
2024-12-24 12:46:01,829 INFO o.a.j.JMeter: PWD       =D:\Extracted files\apache-jmeter-5.6.3\bin
2024-12-24 12:46:01,831 INFO o.a.j.JMeter: IP: 100.1.36.29 Name: DESKTOP-UOULK0I FullName: DESKTOP-UOULK0I
2024-12-24 12:46:01,940 INFO o.a.j.r.RmiUtils: System property 'java.rmi.server.hostname' is not defined, using localHost address
2024-12-24 12:46:01,940 INFO o.a.j.r.RmiUtils: Local IP address=100.1.36.29
2024-12-24 12:46:02,213 ERROR o.a.j.JMeter: Giving up, as server failed with:
java.rmi.server.ExportException: Listen failed on port: 0; nested exception is: 
	java.io.FileNotFoundException: rmi_keystore.jks (The system cannot find the file specified)
	at sun.rmi.transport.tcp.TCPTransport.listen(Unknown Source) ~[?:1.8.0_291]
	at sun.rmi.transport.tcp.TCPTransport.exportObject(Unknown Source) ~[?:1.8.0_291]
	at sun.rmi.transport.tcp.TCPEndpoint.exportObject(Unknown Source) ~[?:1.8.0_291]
	at sun.rmi.transport.LiveRef.exportObject(Unknown Source) ~[?:1.8.0_291]
	at sun.rmi.server.UnicastServerRef.exportObject(Unknown Source) ~[?:1.8.0_291]
	at java.rmi.server.UnicastRemoteObject.exportObject(Unknown Source) ~[?:1.8.0_291]
	at java.rmi.server.UnicastRemoteObject.exportObject(Unknown Source) ~[?:1.8.0_291]
	at java.rmi.server.UnicastRemoteObject.<init>(Unknown Source) ~[?:1.8.0_291]
	at org.apache.jmeter.engine.RemoteJMeterEngineImpl.<init>(RemoteJMeterEngineImpl.java:68) ~[ApacheJMeter_core.jar:5.6.3]
	at org.apache.jmeter.engine.RemoteJMeterEngineImpl.startServer(RemoteJMeterEngineImpl.java:74) ~[ApacheJMeter_core.jar:5.6.3]
	at org.apache.jmeter.JMeter.start(JMeter.java:464) [ApacheJMeter_core.jar:5.6.3]
	at sun.reflect.NativeMethodAccessorImpl.invoke0(Native Method) ~[?:1.8.0_291]
	at sun.reflect.NativeMethodAccessorImpl.invoke(Unknown Source) ~[?:1.8.0_291]
	at sun.reflect.DelegatingMethodAccessorImpl.invoke(Unknown Source) ~[?:1.8.0_291]
	at java.lang.reflect.Method.invoke(Unknown Source) ~[?:1.8.0_291]
	at org.apache.jmeter.NewDriver.main(NewDriver.java:259) [ApacheJMeter.jar:5.6.3]
Caused by: java.io.FileNotFoundException: rmi_keystore.jks (The system cannot find the file specified)
	at java.io.FileInputStream.open0(Native Method) ~[?:1.8.0_291]
	at java.io.FileInputStream.open(Unknown Source) ~[?:1.8.0_291]
	at java.io.FileInputStream.<init>(Unknown Source) ~[?:1.8.0_291]
	at java.io.FileInputStream.<init>(Unknown Source) ~[?:1.8.0_291]
	at org.apache.jmeter.rmi.SSLRMIServerSocketFactory.loadStore(SSLRMIServerSocketFactory.java:147) ~[ApacheJMeter_core.jar:5.6.3]
	at org.apache.jmeter.rmi.SSLRMIServerSocketFactory.createServerSocket(SSLRMIServerSocketFactory.java:99) ~[ApacheJMeter_core.jar:5.6.3]
	at sun.rmi.transport.tcp.TCPEndpoint.newServerSocket(Unknown Source) ~[?:1.8.0_291]
	... 16 more
2024-12-24 12:46:02,221 ERROR o.a.j.JMeter: An error occurred: 
java.rmi.server.ExportException: Listen failed on port: 0; nested exception is: 
	java.io.FileNotFoundException: rmi_keystore.jks (The system cannot find the file specified)
	at sun.rmi.transport.tcp.TCPTransport.listen(Unknown Source) ~[?:1.8.0_291]
	at sun.rmi.transport.tcp.TCPTransport.exportObject(Unknown Source) ~[?:1.8.0_291]
	at sun.rmi.transport.tcp.TCPEndpoint.exportObject(Unknown Source) ~[?:1.8.0_291]
	at sun.rmi.transport.LiveRef.exportObject(Unknown Source) ~[?:1.8.0_291]
	at sun.rmi.server.UnicastServerRef.exportObject(Unknown Source) ~[?:1.8.0_291]
	at java.rmi.server.UnicastRemoteObject.exportObject(Unknown Source) ~[?:1.8.0_291]
	at java.rmi.server.UnicastRemoteObject.exportObject(Unknown Source) ~[?:1.8.0_291]
	at java.rmi.server.UnicastRemoteObject.<init>(Unknown Source) ~[?:1.8.0_291]
	at org.apache.jmeter.engine.RemoteJMeterEngineImpl.<init>(RemoteJMeterEngineImpl.java:68) ~[ApacheJMeter_core.jar:5.6.3]
	at org.apache.jmeter.engine.RemoteJMeterEngineImpl.startServer(RemoteJMeterEngineImpl.java:74) ~[ApacheJMeter_core.jar:5.6.3]
	at org.apache.jmeter.JMeter.start(JMeter.java:464) [ApacheJMeter_core.jar:5.6.3]
	at sun.reflect.NativeMethodAccessorImpl.invoke0(Native Method) ~[?:1.8.0_291]
	at sun.reflect.NativeMethodAccessorImpl.invoke(Unknown Source) ~[?:1.8.0_291]
	at sun.reflect.DelegatingMethodAccessorImpl.invoke(Unknown Source) ~[?:1.8.0_291]
	at java.lang.reflect.Method.invoke(Unknown Source) ~[?:1.8.0_291]
	at org.apache.jmeter.NewDriver.main(NewDriver.java:259) [ApacheJMeter.jar:5.6.3]
Caused by: java.io.FileNotFoundException: rmi_keystore.jks (The system cannot find the file specified)
	at java.io.FileInputStream.open0(Native Method) ~[?:1.8.0_291]
	at java.io.FileInputStream.open(Unknown Source) ~[?:1.8.0_291]
	at java.io.FileInputStream.<init>(Unknown Source) ~[?:1.8.0_291]
	at java.io.FileInputStream.<init>(Unknown Source) ~[?:1.8.0_291]
	at org.apache.jmeter.rmi.SSLRMIServerSocketFactory.loadStore(SSLRMIServerSocketFactory.java:147) ~[ApacheJMeter_core.jar:5.6.3]
	at org.apache.jmeter.rmi.SSLRMIServerSocketFactory.createServerSocket(SSLRMIServerSocketFactory.java:99) ~[ApacheJMeter_core.jar:5.6.3]
	at sun.rmi.transport.tcp.TCPEndpoint.newServerSocket(Unknown Source) ~[?:1.8.0_291]
	... 16 more
